<?xml version="1.0" encoding="UTF-8"?>
<!-- Generated by org.testng.reporters.JUnitXMLReporter -->
<testsuite ignored="0" hostname="B732LMAA" failures="0" tests="6" name="Test" time="0.086" errors="0" timestamp="2022-09-27T15:22:24 IST">
  <testcase classname="Listeners.TestNGListenerDemo" name="test1" time="0.008"/>
  <testcase classname="Listeners.TestNGListenerDemo" name="test2" time="0.001"/>
  <testcase classname="Listeners.TestNGListenerDemo" name="test3" time="0.001"/>
  <testcase classname="Listeners.TestNGListenerDemo2" name="test4" time="0.002"/>
  <testcase classname="Listeners.TestNGListenerDemo2" name="test5" time="0.001"/>
  <testcase classname="Listeners.TestNGListenerDemo2" name="test6" time="0.001"/>
</testsuite> <!-- Test -->
