<?xml version="1.0" encoding="UTF-8"?>
<!-- Generated by org.testng.reporters.JUnitXMLReporter -->
<testsuite ignored="0" hostname="B732LMAA" failures="0" tests="3" name="Test1" time="0.053" errors="0" timestamp="2022-09-27T15:29:30 IST">
  <testcase classname="TestNGParallel.TestNGParallelTestingDemo" name="test1" time="0.01"/>
  <testcase classname="TestNGParallel.TestNGParallelTestingDemo" name="test2" time="0.01"/>
  <testcase classname="TestNGParallel.TestNGParallelTestingDemo" name="test3" time="0.001"/>
</testsuite> <!-- Test1 -->
