<?xml version="1.0" encoding="UTF-8"?>
<testng-results ignored="0" total="3" passed="3" failed="0" skipped="0">
  <reporter-output>
  </reporter-output>
  <suite started-at="2022-09-27T15:29:30 IST" name="Suite1" finished-at="2022-09-27T15:29:30 IST" duration-ms="53">
    <groups>
    </groups>
    <test started-at="2022-09-27T15:29:30 IST" name="Test1" finished-at="2022-09-27T15:29:30 IST" duration-ms="53">
      <class name="TestNGParallel.TestNGParallelTestingDemo">
        <test-method signature="test2()[pri:0, instance:TestNGParallel.TestNGParallelTestingDemo@73e22a3d]" started-at="2022-09-27T15:29:30 IST" name="test2" finished-at="2022-09-27T15:29:30 IST" duration-ms="10" status="PASS">
          <reporter-output>
          </reporter-output>
        </test-method> <!-- test2 -->
        <test-method signature="test1()[pri:0, instance:TestNGParallel.TestNGParallelTestingDemo@73e22a3d]" started-at="2022-09-27T15:29:30 IST" name="test1" finished-at="2022-09-27T15:29:30 IST" duration-ms="10" status="PASS">
          <reporter-output>
          </reporter-output>
        </test-method> <!-- test1 -->
        <test-method signature="test3()[pri:0, instance:TestNGParallel.TestNGParallelTestingDemo@73e22a3d]" started-at="2022-09-27T15:29:30 IST" name="test3" finished-at="2022-09-27T15:29:30 IST" duration-ms="1" status="PASS">
          <reporter-output>
          </reporter-output>
        </test-method> <!-- test3 -->
      </class> <!-- TestNGParallel.TestNGParallelTestingDemo -->
    </test> <!-- Test1 -->
  </suite> <!-- Suite1 -->
</testng-results>
